<?xml version="1.0" encoding="UTF-8"?>
<!-- Generated by org.testng.reporters.JUnitReportReporter -->
<testsuite hostname="Sudha" failures="0" tests="2" name="com.lms.api.Runner.TestRunner" time="4.397" errors="0" timestamp="2024-03-28T21:35:32 EDT" skipped="0">
  <testcase classname="com.lms.api.Runner.TestRunner" name="runScenario" time="0.871"/>
  <testcase classname="com.lms.api.Runner.TestRunner" name="runScenario" time="3.526"/>
</testsuite> <!-- com.lms.api.Runner.TestRunner -->
