<?xml version="1.0" encoding="UTF-8"?>
<!-- Generated by org.testng.reporters.JUnitReportReporter -->
<testsuite hostname="DESKTOP-3BP8S7P" failures="0" tests="1" name="com.lms.api.TestRunner.TestRunner" time="2.330" errors="0" timestamp="2024-03-28T09:47:08 CDT" skipped="0">
  <testcase classname="com.lms.api.TestRunner.TestRunner" name="runScenario" time="2.330"/>
</testsuite> <!-- com.lms.api.TestRunner.TestRunner -->
