<?xml version="1.0" encoding="UTF-8"?>
<!-- Generated by org.testng.reporters.JUnitReportReporter -->
<testsuite hostname="DESKTOP-3BP8S7P" failures="0" tests="3" name="com.lms.api.TestRunner.TestRunner" time="3.944" errors="0" timestamp="2024-03-30T10:10:48 CDT" skipped="0">
  <testcase classname="com.lms.api.TestRunner.TestRunner" name="runScenario" time="0.375"/>
  <testcase classname="com.lms.api.TestRunner.TestRunner" name="runScenario" time="3.224"/>
  <testcase classname="com.lms.api.TestRunner.TestRunner" name="runScenario" time="0.345"/>
</testsuite> <!-- com.lms.api.TestRunner.TestRunner -->
