<?xml version="1.0" encoding="UTF-8"?>
<!-- Generated by org.testng.reporters.JUnitReportReporter -->
<testsuite hostname="Sudha" failures="2" tests="79" name="com.lms.api.Runner.TestRunner" time="25.180" errors="0" timestamp="2024-04-02T13:34:23 EDT" skipped="0">
  <testcase classname="com.lms.api.Runner.TestRunner" name="runScenario" time="0.185"/>
  <testcase classname="com.lms.api.Runner.TestRunner" name="runScenario" time="0.189"/>
  <testcase classname="com.lms.api.Runner.TestRunner" name="runScenario" time="0.227"/>
  <testcase classname="com.lms.api.Runner.TestRunner" name="runScenario" time="0.156"/>
  <testcase classname="com.lms.api.Runner.TestRunner" name="runScenario" time="0.730"/>
  <testcase classname="com.lms.api.Runner.TestRunner" name="runScenario" time="0.375"/>
  <testcase classname="com.lms.api.Runner.TestRunner" name="runScenario" time="0.149"/>
  <testcase classname="com.lms.api.Runner.TestRunner" name="runScenario" time="0.275"/>
  <testcase classname="com.lms.api.Runner.TestRunner" name="runScenario" time="0.171"/>
  <testcase classname="com.lms.api.Runner.TestRunner" name="runScenario" time="0.786"/>
  <testcase classname="com.lms.api.Runner.TestRunner" name="runScenario" time="0.315"/>
  <testcase classname="com.lms.api.Runner.TestRunner" name="runScenario" time="0.259"/>
  <testcase classname="com.lms.api.Runner.TestRunner" name="runScenario" time="0.159"/>
  <testcase classname="com.lms.api.Runner.TestRunner" name="runScenario" time="0.334">
    <failure message="expected [201] but found [400]" type="java.lang.AssertionError">
      <![CDATA[java.lang.AssertionError: expected [201] but found [400]
at org.testng.Assert.fail(Assert.java:111)
at org.testng.Assert.failNotEquals(Assert.java:1578)
at org.testng.Assert.assertEqualsImpl(Assert.java:150)
at org.testng.Assert.assertEquals(Assert.java:132)
at org.testng.Assert.assertEquals(Assert.java:1419)
at org.testng.Assert.assertEquals(Assert.java:1449)
at com.lms.api.StepDefinitions.ProgramBatchModuleSD.admin_receives_created_status_with_response(ProgramBatchModuleSD.java:108)
at ✽.Admin receives 201 Created Status with response(file:///C:/Users/sudha/git/Team12_APIExplorers_LMS_Hackathon_Mar2024/Team12_APIExplorers_LMS_Hackathon_Mar2024/src/test/resources/features/003ProgramBatchModule.feature:39)
]]>
    </failure>
  </testcase> <!-- runScenario -->
  <testcase classname="com.lms.api.Runner.TestRunner" name="runScenario" time="0.178"/>
  <testcase classname="com.lms.api.Runner.TestRunner" name="runScenario" time="0.307"/>
  <testcase classname="com.lms.api.Runner.TestRunner" name="runScenario" time="0.180"/>
  <testcase classname="com.lms.api.Runner.TestRunner" name="runScenario" time="0.344"/>
  <testcase classname="com.lms.api.Runner.TestRunner" name="runScenario" time="0.170"/>
  <testcase classname="com.lms.api.Runner.TestRunner" name="runScenario" time="0.257">
    <failure message="expected [200] but found [400]" type="java.lang.AssertionError">
      <![CDATA[java.lang.AssertionError: expected [200] but found [400]
at org.testng.Assert.fail(Assert.java:111)
at org.testng.Assert.failNotEquals(Assert.java:1578)
at org.testng.Assert.assertEqualsImpl(Assert.java:150)
at org.testng.Assert.assertEquals(Assert.java:132)
at org.testng.Assert.assertEquals(Assert.java:1419)
at org.testng.Assert.assertEquals(Assert.java:1449)
at com.lms.api.StepDefinitions.ProgramModuleSD.admin_receives_ok_for_missing_additional_fields_in_program_post_request_body(ProgramModuleSD.java:136)
at ✽.Admin receives 200 ok for missing additional fields in program post request body(file:///C:/Users/sudha/git/Team12_APIExplorers_LMS_Hackathon_Mar2024/Team12_APIExplorers_LMS_Hackathon_Mar2024/src/test/resources/features/002PrgramModule.feature:46)
]]>
    </failure>
  </testcase> <!-- runScenario -->
  <testcase classname="com.lms.api.Runner.TestRunner" name="runScenario" time="0.167"/>
  <testcase classname="com.lms.api.Runner.TestRunner" name="runScenario" time="0.293"/>
  <testcase classname="com.lms.api.Runner.TestRunner" name="runScenario" time="0.173"/>
  <testcase classname="com.lms.api.Runner.TestRunner" name="runScenario" time="0.243"/>
  <testcase classname="com.lms.api.Runner.TestRunner" name="runScenario" time="0.195"/>
  <testcase classname="com.lms.api.Runner.TestRunner" name="runScenario" time="0.166"/>
  <testcase classname="com.lms.api.Runner.TestRunner" name="runScenario" time="0.381"/>
  <testcase classname="com.lms.api.Runner.TestRunner" name="runScenario" time="5.378"/>
  <testcase classname="com.lms.api.Runner.TestRunner" name="runScenario" time="0.269"/>
  <testcase classname="com.lms.api.Runner.TestRunner" name="runScenario" time="0.816"/>
  <testcase classname="com.lms.api.Runner.TestRunner" name="runScenario" time="0.221"/>
  <testcase classname="com.lms.api.Runner.TestRunner" name="runScenario" time="0.432"/>
  <testcase classname="com.lms.api.Runner.TestRunner" name="runScenario" time="0.275"/>
  <testcase classname="com.lms.api.Runner.TestRunner" name="runScenario" time="0.153"/>
  <testcase classname="com.lms.api.Runner.TestRunner" name="runScenario" time="0.178"/>
  <testcase classname="com.lms.api.Runner.TestRunner" name="runScenario" time="0.200"/>
  <testcase classname="com.lms.api.Runner.TestRunner" name="runScenario" time="0.252"/>
  <testcase classname="com.lms.api.Runner.TestRunner" name="runScenario" time="0.232"/>
  <testcase classname="com.lms.api.Runner.TestRunner" name="runScenario" time="0.171"/>
  <testcase classname="com.lms.api.Runner.TestRunner" name="runScenario" time="0.282"/>
  <testcase classname="com.lms.api.Runner.TestRunner" name="runScenario" time="0.203"/>
  <testcase classname="com.lms.api.Runner.TestRunner" name="runScenario" time="0.235"/>
  <testcase classname="com.lms.api.Runner.TestRunner" name="runScenario" time="0.179"/>
  <testcase classname="com.lms.api.Runner.TestRunner" name="runScenario" time="0.378"/>
  <testcase classname="com.lms.api.Runner.TestRunner" name="runScenario" time="0.251"/>
  <testcase classname="com.lms.api.Runner.TestRunner" name="runScenario" time="0.439"/>
  <testcase classname="com.lms.api.Runner.TestRunner" name="runScenario" time="0.167"/>
  <testcase classname="com.lms.api.Runner.TestRunner" name="runScenario" time="0.180"/>
  <testcase classname="com.lms.api.Runner.TestRunner" name="runScenario" time="0.247"/>
  <testcase classname="com.lms.api.Runner.TestRunner" name="runScenario" time="0.216"/>
  <testcase classname="com.lms.api.Runner.TestRunner" name="runScenario" time="0.269"/>
  <testcase classname="com.lms.api.Runner.TestRunner" name="runScenario" time="0.255"/>
  <testcase classname="com.lms.api.Runner.TestRunner" name="runScenario" time="0.256"/>
  <testcase classname="com.lms.api.Runner.TestRunner" name="runScenario" time="0.242"/>
  <testcase classname="com.lms.api.Runner.TestRunner" name="runScenario" time="0.175"/>
  <testcase classname="com.lms.api.Runner.TestRunner" name="runScenario" time="0.154"/>
  <testcase classname="com.lms.api.Runner.TestRunner" name="runScenario" time="0.203"/>
  <testcase classname="com.lms.api.Runner.TestRunner" name="runScenario" time="0.211"/>
  <testcase classname="com.lms.api.Runner.TestRunner" name="runScenario" time="0.331"/>
  <testcase classname="com.lms.api.Runner.TestRunner" name="runScenario" time="0.183"/>
  <testcase classname="com.lms.api.Runner.TestRunner" name="runScenario" time="0.162"/>
  <testcase classname="com.lms.api.Runner.TestRunner" name="runScenario" time="0.365"/>
  <testcase classname="com.lms.api.Runner.TestRunner" name="runScenario" time="0.176"/>
  <testcase classname="com.lms.api.Runner.TestRunner" name="runScenario" time="0.183"/>
  <testcase classname="com.lms.api.Runner.TestRunner" name="runScenario" time="0.234"/>
  <testcase classname="com.lms.api.Runner.TestRunner" name="runScenario" time="0.247"/>
  <testcase classname="com.lms.api.Runner.TestRunner" name="runScenario" time="0.211"/>
  <testcase classname="com.lms.api.Runner.TestRunner" name="runScenario" time="0.155"/>
  <testcase classname="com.lms.api.Runner.TestRunner" name="runScenario" time="0.338"/>
  <testcase classname="com.lms.api.Runner.TestRunner" name="runScenario" time="0.170"/>
  <testcase classname="com.lms.api.Runner.TestRunner" name="runScenario" time="0.175"/>
  <testcase classname="com.lms.api.Runner.TestRunner" name="runScenario" time="0.202"/>
  <testcase classname="com.lms.api.Runner.TestRunner" name="runScenario" time="0.174"/>
  <testcase classname="com.lms.api.Runner.TestRunner" name="runScenario" time="0.455"/>
  <testcase classname="com.lms.api.Runner.TestRunner" name="runScenario" time="0.166"/>
  <testcase classname="com.lms.api.Runner.TestRunner" name="runScenario" time="0.178"/>
  <testcase classname="com.lms.api.Runner.TestRunner" name="runScenario" time="0.229"/>
  <testcase classname="com.lms.api.Runner.TestRunner" name="runScenario" time="0.184"/>
  <testcase classname="com.lms.api.Runner.TestRunner" name="runScenario" time="0.179"/>
</testsuite> <!-- com.lms.api.Runner.TestRunner -->
